2025-10-07 14:34:59 - INFO - Hikari TikTok Downloader started
2025-10-07 14:35:08 - DEBUG - Settings saved successfully
2025-10-07 14:35:08 - INFO - Hikari TikTok Downloader closed
2025-10-07 14:35:17 - INFO - Hikari TikTok Downloader started
2025-10-07 14:35:19 - DEBUG - Settings saved successfully
2025-10-07 14:35:19 - INFO - Hikari TikTok Downloader closed
2025-10-07 14:35:29 - INFO - Hikari TikTok Downloader started
2025-10-07 14:35:30 - DEBUG - Settings saved successfully
2025-10-07 14:35:30 - INFO - Hikari TikTok Downloader closed
2025-10-19 17:38:12 - INFO - Hikari TikTok Downloader started
2025-10-19 17:38:15 - DEBUG - Settings saved successfully
2025-10-19 17:38:15 - INFO - Hikari TikTok Downloader closed
2025-10-19 18:09:54 - INFO - Hikari TikTok Downloader started
2025-10-19 18:09:57 - DEBUG - Settings saved successfully
2025-10-19 18:09:57 - INFO - Hikari TikTok Downloader closed
2025-11-19 19:03:06 - INFO - Hikari TikTok Downloader started
2025-11-19 19:03:20 - INFO - Valid URL detected: https://www.tiktok.com/@beefy_dan/video/7557927979116924191?is_from_webapp=1&sender_device=pc&web_id=7564968738644182559
2025-11-19 19:03:20 - INFO - Valid URL detected: https://www.tiktok.com/@beefy_dan/video/7557927979116924191?is_from_webapp=1&sender_device=pc&web_id=7564968738644182559
2025-11-19 19:03:35 - DEBUG - Settings saved successfully
2025-11-19 19:03:35 - INFO - Output folder changed to: /Users/cayman/Downloads
2025-11-19 19:03:38 - INFO - Starting download with yt-dlp engine
2025-11-19 19:03:38 - INFO - URL: https://www.tiktok.com/@beefy_dan/video/7557927979116924191?is_from_webapp=1&sender_device=pc&web_id=7564968738644182559
2025-11-19 19:03:38 - INFO - Quality: best
2025-11-19 19:03:38 - INFO - Output: /Users/cayman/Downloads
2025-11-19 19:03:43 - INFO - Download completed successfully
2025-11-19 19:06:05 - INFO - Hikari TikTok Downloader started
2025-11-19 19:06:12 - INFO - Valid URL detected: https://www.tiktok.com/@beefy_dan/video/7557927979116924191?is_from_webapp=1&sender_device=pc&web_id=7564968738644182559
2025-11-19 19:06:12 - INFO - Valid URL detected: https://www.tiktok.com/@beefy_dan/video/7557927979116924191?is_from_webapp=1&sender_device=pc&web_id=7564968738644182559
2025-11-19 19:06:19 - INFO - Starting download with yt-dlp engine
2025-11-19 19:06:19 - INFO - URL: https://www.tiktok.com/@beefy_dan/video/7557927979116924191?is_from_webapp=1&sender_device=pc&web_id=7564968738644182559
2025-11-19 19:06:19 - INFO - Quality: best
2025-11-19 19:06:19 - INFO - Output: /Users/cayman/Downloads
2025-11-19 19:06:22 - INFO - Download completed successfully
2025-11-19 19:07:19 - INFO - Hikari TikTok Downloader started
2025-11-19 19:07:24 - INFO - Valid URL detected: https://www.tiktok.com/@beefy_dan/video/7557927979116924191?is_from_webapp=1&sender_device=pc&web_id=7564968738644182559
2025-11-19 19:07:24 - INFO - Valid URL detected: https://www.tiktok.com/@beefy_dan/video/7557927979116924191?is_from_webapp=1&sender_device=pc&web_id=7564968738644182559
2025-11-19 19:07:26 - INFO - Starting download with yt-dlp engine
2025-11-19 19:07:26 - INFO - URL: https://www.tiktok.com/@beefy_dan/video/7557927979116924191?is_from_webapp=1&sender_device=pc&web_id=7564968738644182559
2025-11-19 19:07:26 - INFO - Quality: best
2025-11-19 19:07:26 - INFO - Output: /Users/cayman/Downloads
2025-11-19 19:07:29 - INFO - Download completed successfully
2025-11-19 19:15:17 - DEBUG - Settings saved successfully
2025-11-19 19:15:17 - INFO - Hikari TikTok Downloader closed
2025-11-19 19:16:19 - INFO - Hikari TikTok Downloader started
2025-11-19 19:16:28 - INFO - Valid URL detected: https://www.tiktok.com/@beefy_dan/video/7557927979116924191?is_from_webapp=1&sender_device=pc&web_id=7564968738644182559
2025-11-19 19:16:28 - INFO - Valid URL detected: https://www.tiktok.com/@beefy_dan/video/7557927979116924191?is_from_webapp=1&sender_device=pc&web_id=7564968738644182559
2025-11-19 19:16:34 - DEBUG - Settings saved successfully
2025-11-19 19:16:34 - INFO - Output folder changed to: /Users/cayman/Documents
2025-11-19 19:16:35 - INFO - Starting download with yt-dlp engine
2025-11-19 19:16:35 - INFO - URL: https://www.tiktok.com/@beefy_dan/video/7557927979116924191?is_from_webapp=1&sender_device=pc&web_id=7564968738644182559
2025-11-19 19:16:35 - INFO - Quality: best
2025-11-19 19:16:35 - INFO - Output: /Users/cayman/Documents
2025-11-19 19:16:40 - INFO - Download completed successfully
2025-11-19 19:17:29 - INFO - Valid URL detected: https://www.tiktok.com/@beefy_dan/video/7557927979116924191?is_from_webapp=1&s
2025-11-19 19:17:31 - INFO - Valid URL detected: https://www.tiktok.com/@beefy_dan/video/7557927979116924191?is_from_webapp=1&
2025-11-19 19:17:31 - INFO - Valid URL detected: https://www.tiktok.com/@beefy_dan/video/7557927979116924191?is_from_webapp=1
2025-11-19 19:17:31 - INFO - Valid URL detected: https://www.tiktok.com/@beefy_dan/video/7557927979116924191?is_from_webapp=
2025-11-19 19:17:31 - INFO - Valid URL detected: https://www.tiktok.com/@beefy_dan/video/7557927979116924191?is_from_webapp
2025-11-19 19:17:31 - INFO - Valid URL detected: https://www.tiktok.com/@beefy_dan/video/7557927979116924191?is_from_webap
2025-11-19 19:17:31 - INFO - Valid URL detected: https://www.tiktok.com/@beefy_dan/video/7557927979116924191?is_from_weba
2025-11-19 19:17:31 - INFO - Valid URL detected: https://www.tiktok.com/@beefy_dan/video/7557927979116924191?is_from_web
2025-11-19 19:17:31 - INFO - Valid URL detected: https://www.tiktok.com/@beefy_dan/video/7557927979116924191?is_from_we
2025-11-19 19:17:31 - INFO - Valid URL detected: https://www.tiktok.com/@beefy_dan/video/7557927979116924191?is_from_w
2025-11-19 19:17:31 - INFO - Valid URL detected: https://www.tiktok.com/@beefy_dan/video/7557927979116924191?is_from_
2025-11-19 19:17:31 - INFO - Valid URL detected: https://www.tiktok.com/@beefy_dan/video/7557927979116924191?is_from
2025-11-19 19:17:31 - INFO - Valid URL detected: https://www.tiktok.com/@beefy_dan/video/7557927979116924191?is_fro
2025-11-19 19:17:32 - INFO - Valid URL detected: https://www.tiktok.com/@beefy_dan/video/7557927979116924191?is_fr
2025-11-19 19:17:32 - INFO - Valid URL detected: https://www.tiktok.com/@beefy_dan/video/7557927979116924191?is_f
2025-11-19 19:17:32 - INFO - Valid URL detected: https://www.tiktok.com/@beefy_dan/video/7557927979116924191?is_
2025-11-19 19:17:32 - INFO - Valid URL detected: https://www.tiktok.com/@beefy_dan/video/7557927979116924191?is
2025-11-19 19:17:32 - INFO - Valid URL detected: https://www.tiktok.com/@beefy_dan/video/7557927979116924191?i
2025-11-19 19:17:32 - INFO - Valid URL detected: https://www.tiktok.com/@beefy_dan/video/7557927979116924191?
2025-11-19 19:17:33 - INFO - Valid URL detected: https://www.tiktok.com/@beefy_dan/video/7557927979116924191
2025-11-19 19:17:35 - INFO - Starting download with yt-dlp engine
2025-11-19 19:17:35 - INFO - URL: https://www.tiktok.com/@beefy_dan/video/7557927979116924191
2025-11-19 19:17:35 - INFO - Quality: best
2025-11-19 19:17:35 - INFO - Output: /Users/cayman/Documents
2025-11-19 19:17:40 - INFO - Download completed successfully
2025-11-19 19:19:36 - INFO - Hikari TikTok Downloader started
2025-11-19 19:19:51 - INFO - Valid URL detected: https://www.tiktok.com/@beefy_dan/video/7557927979116924191?is_from_webapp=1&sender_device=pc&web_id=7564968738644182559
2025-11-19 19:19:51 - INFO - Valid URL detected: https://www.tiktok.com/@beefy_dan/video/7557927979116924191?is_from_webapp=1&sender_device=pc&web_id=7564968738644182559
2025-11-19 19:19:55 - DEBUG - Settings saved successfully
2025-11-19 19:19:55 - INFO - Output folder changed to: /Users/cayman/Downloads
2025-11-19 19:19:56 - INFO - Starting download with yt-dlp engine
2025-11-19 19:19:56 - INFO - URL: https://www.tiktok.com/@beefy_dan/video/7557927979116924191?is_from_webapp=1&sender_device=pc&web_id=7564968738644182559
2025-11-19 19:19:56 - INFO - Quality: best
2025-11-19 19:19:56 - INFO - Output: /Users/cayman/Downloads
2025-11-19 19:20:01 - INFO - Download completed successfully
2025-11-19 19:20:05 - DEBUG - Settings saved successfully
2025-11-19 19:20:05 - INFO - Hikari TikTok Downloader closed
2025-11-19 19:23:07 - INFO - Hikari TikTok Downloader started
2025-11-19 19:23:16 - INFO - Valid URL detected: https://www.tiktok.com/@beefy_dan/video/7557927979116924191?is_from_webapp=1&sender_device=pc&web_id=7564968738644182559
2025-11-19 19:23:16 - INFO - Valid URL detected: https://www.tiktok.com/@beefy_dan/video/7557927979116924191?is_from_webapp=1&sender_device=pc&web_id=7564968738644182559
2025-11-19 19:23:19 - INFO - Starting download with yt-dlp engine
2025-11-19 19:23:19 - INFO - URL: https://www.tiktok.com/@beefy_dan/video/7557927979116924191?is_from_webapp=1&sender_device=pc&web_id=7564968738644182559
2025-11-19 19:23:19 - INFO - Quality: best
2025-11-19 19:23:19 - INFO - Output: /Users/cayman/Downloads
2025-11-19 19:23:22 - INFO - Download completed successfully
2025-11-19 19:25:47 - INFO - Hikari TikTok Downloader started
2025-11-19 19:25:53 - INFO - Valid URL detected: https://www.tiktok.com/@beefy_dan/video/7557927979116924191?is_from_webapp=1&sender_device=pc&web_id=7564968738644182559
2025-11-19 19:25:53 - INFO - Valid URL detected: https://www.tiktok.com/@beefy_dan/video/7557927979116924191?is_from_webapp=1&sender_device=pc&web_id=7564968738644182559
2025-11-19 19:25:55 - INFO - Starting download with yt-dlp engine
2025-11-19 19:25:55 - INFO - URL: https://www.tiktok.com/@beefy_dan/video/7557927979116924191?is_from_webapp=1&sender_device=pc&web_id=7564968738644182559
2025-11-19 19:25:55 - INFO - Quality: best
2025-11-19 19:25:55 - INFO - Output: /Users/cayman/Downloads
2025-11-19 19:25:57 - INFO - Download completed successfully
2025-11-19 19:28:41 - INFO - Hikari TikTok Downloader started
2025-11-19 19:28:45 - INFO - Valid URL detected: https://www.tiktok.com/@beefy_dan/video/7557927979116924191?is_from_webapp=1&sender_device=pc&web_id=7564968738644182559
2025-11-19 19:28:45 - INFO - Valid URL detected: https://www.tiktok.com/@beefy_dan/video/7557927979116924191?is_from_webapp=1&sender_device=pc&web_id=7564968738644182559
2025-11-19 19:28:45 - INFO - Starting download with yt-dlp engine
2025-11-19 19:28:45 - INFO - URL: https://www.tiktok.com/@beefy_dan/video/7557927979116924191?is_from_webapp=1&sender_device=pc&web_id=7564968738644182559
2025-11-19 19:28:45 - INFO - Quality: best
2025-11-19 19:28:45 - INFO - Output: /Users/cayman/Downloads
2025-11-19 19:28:48 - INFO - Download completed successfully
2025-11-19 19:42:01 - INFO - Hikari TikTok Downloader started
2025-11-19 19:42:08 - INFO - Valid URL detected: https://www.tiktok.com/@beefy_dan/video/7557927979116924191?is_from_webapp=1&sender_device=pc&web_id=7564968738644182559
2025-11-19 19:42:08 - INFO - Valid URL detected: https://www.tiktok.com/@beefy_dan/video/7557927979116924191?is_from_webapp=1&sender_device=pc&web_id=7564968738644182559
2025-11-19 19:42:11 - INFO - Starting download with yt-dlp engine
2025-11-19 19:42:11 - INFO - URL: https://www.tiktok.com/@beefy_dan/video/7557927979116924191?is_from_webapp=1&sender_device=pc&web_id=7564968738644182559
2025-11-19 19:42:11 - INFO - Quality: best
2025-11-19 19:42:11 - INFO - Output: /Users/cayman/Downloads
2025-11-19 19:42:15 - INFO - Download completed successfully
2025-11-19 19:43:07 - INFO - Hikari TikTok Downloader started
2025-11-19 19:43:13 - INFO - Valid URL detected: https://www.tiktok.com/@beefy_dan/video/7557927979116924191?is_from_webapp=1&sender_device=pc&web_id=7564968738644182559
2025-11-19 19:43:13 - INFO - Valid URL detected: https://www.tiktok.com/@beefy_dan/video/7557927979116924191?is_from_webapp=1&sender_device=pc&web_id=7564968738644182559
2025-11-19 19:43:14 - INFO - Starting download with yt-dlp engine
2025-11-19 19:43:14 - INFO - URL: https://www.tiktok.com/@beefy_dan/video/7557927979116924191?is_from_webapp=1&sender_device=pc&web_id=7564968738644182559
2025-11-19 19:43:14 - INFO - Quality: best
2025-11-19 19:43:14 - INFO - Output: /Users/cayman/Downloads
2025-11-19 19:43:18 - INFO - Download completed successfully
2025-11-19 19:45:32 - INFO - Hikari TikTok Downloader started
2025-11-19 19:45:40 - INFO - Valid URL detected: https://www.tiktok.com/@beefy_dan/video/7557927979116924191?is_from_webapp=1&sender_device=pc&web_id=7564968738644182559
2025-11-19 19:45:40 - INFO - Valid URL detected: https://www.tiktok.com/@beefy_dan/video/7557927979116924191?is_from_webapp=1&sender_device=pc&web_id=7564968738644182559
2025-11-19 19:45:40 - INFO - Starting download with yt-dlp engine
2025-11-19 19:45:40 - INFO - URL: https://www.tiktok.com/@beefy_dan/video/7557927979116924191?is_from_webapp=1&sender_device=pc&web_id=7564968738644182559
2025-11-19 19:45:40 - INFO - Quality: best
2025-11-19 19:45:40 - INFO - Output: /Users/cayman/Downloads
2025-11-19 19:45:40 - ERROR - Download failed: Download failed: 'YtDlpEngine' object has no attribute '_extract_user_id'
2025-11-19 19:47:24 - INFO - Hikari TikTok Downloader started
2025-11-19 19:47:29 - INFO - Valid URL detected: https://www.tiktok.com/@beefy_dan/video/7557927979116924191?is_from_webapp=1&sender_device=pc&web_id=7564968738644182559
2025-11-19 19:47:30 - INFO - Valid URL detected: https://www.tiktok.com/@beefy_dan/video/7557927979116924191?is_from_webapp=1&sender_device=pc&web_id=7564968738644182559
2025-11-19 19:47:30 - INFO - Starting download with yt-dlp engine
2025-11-19 19:47:30 - INFO - URL: https://www.tiktok.com/@beefy_dan/video/7557927979116924191?is_from_webapp=1&sender_device=pc&web_id=7564968738644182559
2025-11-19 19:47:30 - INFO - Quality: best
2025-11-19 19:47:30 - INFO - Output: /Users/cayman/Downloads
2025-11-19 19:47:35 - INFO - Download completed successfully
2025-11-19 19:48:46 - INFO - Hikari TikTok Downloader started
2025-11-19 19:48:50 - INFO - Valid URL detected: https://www.tiktok.com/@beefy_dan/video/7557927979116924191?is_from_webapp=1&sender_device=pc&web_id=7564968738644182559
2025-11-19 19:48:50 - INFO - Valid URL detected: https://www.tiktok.com/@beefy_dan/video/7557927979116924191?is_from_webapp=1&sender_device=pc&web_id=7564968738644182559
2025-11-19 19:48:51 - INFO - Starting download with yt-dlp engine
2025-11-19 19:48:51 - INFO - URL: https://www.tiktok.com/@beefy_dan/video/7557927979116924191?is_from_webapp=1&sender_device=pc&web_id=7564968738644182559
2025-11-19 19:48:51 - INFO - Quality: best
2025-11-19 19:48:51 - INFO - Output: /Users/cayman/Downloads
2025-11-19 19:48:56 - INFO - Download completed successfully
2025-11-19 19:56:10 - INFO - Hikari TikTok Downloader started
2025-11-19 19:56:16 - INFO - Valid URL detected: https://www.tiktok.com/@beefy_dan/video/7557927979116924191?is_from_webapp=1&sender_device=pc&web_id=7564968738644182559
2025-11-19 19:56:16 - INFO - Valid URL detected: https://www.tiktok.com/@beefy_dan/video/7557927979116924191?is_from_webapp=1&sender_device=pc&web_id=7564968738644182559
2025-11-19 19:56:17 - INFO - Starting download with yt-dlp engine
2025-11-19 19:56:17 - INFO - URL: https://www.tiktok.com/@beefy_dan/video/7557927979116924191?is_from_webapp=1&sender_device=pc&web_id=7564968738644182559
2025-11-19 19:56:17 - INFO - Quality: best
2025-11-19 19:56:17 - INFO - Output: /Users/cayman/Downloads
2025-11-19 19:56:22 - INFO - Download completed successfully
2025-11-19 19:58:58 - INFO - Hikari TikTok Downloader started
2025-11-19 19:59:02 - INFO - Valid URL detected: https://www.tiktok.com/@beefy_dan/video/7557927979116924191?is_from_webapp=1&sender_device=pc&web_id=7564968738644182559
2025-11-19 19:59:02 - INFO - Valid URL detected: https://www.tiktok.com/@beefy_dan/video/7557927979116924191?is_from_webapp=1&sender_device=pc&web_id=7564968738644182559
2025-11-19 19:59:03 - INFO - Starting download with yt-dlp engine
2025-11-19 19:59:03 - INFO - URL: https://www.tiktok.com/@beefy_dan/video/7557927979116924191?is_from_webapp=1&sender_device=pc&web_id=7564968738644182559
2025-11-19 19:59:03 - INFO - Quality: best
2025-11-19 19:59:03 - INFO - Output: /Users/cayman/Downloads
2025-11-19 19:59:07 - INFO - Download completed successfully
2025-11-19 20:00:28 - INFO - Hikari TikTok Downloader started
2025-11-19 20:00:32 - INFO - Valid URL detected: https://www.tiktok.com/@beefy_dan/video/7557927979116924191?is_from_webapp=1&sender_device=pc&web_id=7564968738644182559
2025-11-19 20:00:32 - INFO - Valid URL detected: https://www.tiktok.com/@beefy_dan/video/7557927979116924191?is_from_webapp=1&sender_device=pc&web_id=7564968738644182559
2025-11-19 20:00:32 - INFO - Starting download with yt-dlp engine
2025-11-19 20:00:32 - INFO - URL: https://www.tiktok.com/@beefy_dan/video/7557927979116924191?is_from_webapp=1&sender_device=pc&web_id=7564968738644182559
2025-11-19 20:00:32 - INFO - Quality: best
2025-11-19 20:00:32 - INFO - Output: /Users/cayman/Downloads
2025-11-19 20:00:38 - INFO - Download completed successfully
2025-11-19 20:01:19 - INFO - Hikari TikTok Downloader started
2025-11-19 20:01:23 - INFO - Valid URL detected: https://www.tiktok.com/@beefy_dan/video/7557927979116924191?is_from_webapp=1&sender_device=pc&web_id=7564968738644182559
2025-11-19 20:01:23 - INFO - Valid URL detected: https://www.tiktok.com/@beefy_dan/video/7557927979116924191?is_from_webapp=1&sender_device=pc&web_id=7564968738644182559
2025-11-19 20:01:23 - INFO - Starting download with yt-dlp engine
2025-11-19 20:01:23 - INFO - URL: https://www.tiktok.com/@beefy_dan/video/7557927979116924191?is_from_webapp=1&sender_device=pc&web_id=7564968738644182559
2025-11-19 20:01:23 - INFO - Quality: best
2025-11-19 20:01:23 - INFO - Output: /Users/cayman/Downloads
2025-11-19 20:01:28 - INFO - Download completed successfully
2025-11-19 20:04:15 - INFO - Hikari TikTok Downloader started
2025-11-19 20:04:23 - INFO - Valid URL detected: https://www.tiktok.com/@beefy_dan/video/7557927979116924191?is_from_webapp=1&sender_device=pc&web_id=7564968738644182559
2025-11-19 20:04:23 - INFO - Valid URL detected: https://www.tiktok.com/@beefy_dan/video/7557927979116924191?is_from_webapp=1&sender_device=pc&web_id=7564968738644182559
2025-11-19 20:04:23 - INFO - Starting download with yt-dlp engine
2025-11-19 20:04:23 - INFO - URL: https://www.tiktok.com/@beefy_dan/video/7557927979116924191?is_from_webapp=1&sender_device=pc&web_id=7564968738644182559
2025-11-19 20:04:23 - INFO - Quality: best
2025-11-19 20:04:23 - INFO - Output: /Users/cayman/Downloads
2025-11-19 20:04:26 - INFO - Download completed successfully
2025-11-19 20:10:36 - INFO - Hikari TikTok Downloader started
2025-11-19 20:10:41 - INFO - Valid URL detected: https://www.tiktok.com/@beefy_dan/video/7557927979116924191?is_from_webapp=1&sender_device=pc&web_id=7564968738644182559
2025-11-19 20:10:41 - INFO - Valid URL detected: https://www.tiktok.com/@beefy_dan/video/7557927979116924191?is_from_webapp=1&sender_device=pc&web_id=7564968738644182559
2025-11-19 20:10:41 - INFO - Starting download with yt-dlp engine
2025-11-19 20:10:41 - INFO - URL: https://www.tiktok.com/@beefy_dan/video/7557927979116924191?is_from_webapp=1&sender_device=pc&web_id=7564968738644182559
2025-11-19 20:10:41 - INFO - Quality: best
2025-11-19 20:10:41 - INFO - Output: /Users/cayman/Downloads
2025-11-19 20:10:41 - ERROR - Download failed: 'NoneType' object has no attribute 'download'
2025-11-19 20:10:41 - ERROR - Download failed: Download failed: 'NoneType' object has no attribute 'download'
2025-11-19 20:12:18 - INFO - Hikari TikTok Downloader started
2025-11-19 20:12:24 - INFO - Valid URL detected: https://www.tiktok.com/@beefy_dan/video/7557927979116924191?is_from_webapp=1&sender_device=pc&web_id=7564968738644182559
2025-11-19 20:12:24 - INFO - Valid URL detected: https://www.tiktok.com/@beefy_dan/video/7557927979116924191?is_from_webapp=1&sender_device=pc&web_id=7564968738644182559
2025-11-19 20:12:25 - INFO - Starting download with yt-dlp engine
2025-11-19 20:12:25 - INFO - URL: https://www.tiktok.com/@beefy_dan/video/7557927979116924191?is_from_webapp=1&sender_device=pc&web_id=7564968738644182559
2025-11-19 20:12:25 - INFO - Quality: best
2025-11-19 20:12:25 - INFO - Output: /Users/cayman/Downloads
2025-11-19 20:12:28 - INFO - Download completed successfully
2025-11-19 20:13:11 - INFO - Hikari TikTok Downloader started
2025-11-19 20:13:18 - INFO - Valid URL detected: https://www.tiktok.com/@beefy_dan/video/7557927979116924191?is_from_webapp=1&sender_device=pc&web_id=7564968738644182559
2025-11-19 20:13:18 - INFO - Valid URL detected: https://www.tiktok.com/@beefy_dan/video/7557927979116924191?is_from_webapp=1&sender_device=pc&web_id=7564968738644182559
2025-11-19 20:13:19 - INFO - Starting download with yt-dlp engine
2025-11-19 20:13:19 - INFO - URL: https://www.tiktok.com/@beefy_dan/video/7557927979116924191?is_from_webapp=1&sender_device=pc&web_id=7564968738644182559
2025-11-19 20:13:19 - INFO - Quality: best
2025-11-19 20:13:19 - INFO - Output: /Users/cayman/Downloads
2025-11-19 20:13:19 - ERROR - Download failed: 'NoneType' object has no attribute 'download'
2025-11-19 20:13:19 - ERROR - Download failed: Download failed: 'NoneType' object has no attribute 'download'
2025-11-19 20:18:50 - INFO - Hikari TikTok Downloader started
2025-11-19 20:18:54 - INFO - Valid URL detected: https://www.tiktok.com/@beefy_dan/video/7557927979116924191?is_from_webapp=1&sender_device=pc&web_id=7564968738644182559
2025-11-19 20:18:54 - INFO - Valid URL detected: https://www.tiktok.com/@beefy_dan/video/7557927979116924191?is_from_webapp=1&sender_device=pc&web_id=7564968738644182559
2025-11-19 20:18:55 - INFO - Starting download with yt-dlp engine
2025-11-19 20:18:55 - INFO - URL: https://www.tiktok.com/@beefy_dan/video/7557927979116924191?is_from_webapp=1&sender_device=pc&web_id=7564968738644182559
2025-11-19 20:18:55 - INFO - Quality: best
2025-11-19 20:18:55 - INFO - Output: /Users/cayman/Downloads
2025-11-19 20:18:55 - ERROR - Download failed: 'NoneType' object has no attribute 'download'
2025-11-19 20:18:55 - ERROR - Download failed: Download failed: 'NoneType' object has no attribute 'download'
2025-11-19 20:19:30 - INFO - Hikari TikTok Downloader started
2025-11-19 20:19:35 - INFO - Valid URL detected: https://www.tiktok.com/@beefy_dan/video/7557927979116924191?is_from_webapp=1&sender_device=pc&web_id=7564968738644182559
2025-11-19 20:19:35 - INFO - Valid URL detected: https://www.tiktok.com/@beefy_dan/video/7557927979116924191?is_from_webapp=1&sender_device=pc&web_id=7564968738644182559
2025-11-19 20:19:36 - INFO - Starting download with yt-dlp engine
2025-11-19 20:19:36 - INFO - URL: https://www.tiktok.com/@beefy_dan/video/7557927979116924191?is_from_webapp=1&sender_device=pc&web_id=7564968738644182559
2025-11-19 20:19:36 - INFO - Quality: best
2025-11-19 20:19:36 - INFO - Output: /Users/cayman/Downloads
2025-11-19 20:19:39 - INFO - Download completed successfully
2025-11-19 20:20:31 - DEBUG - Settings saved successfully
2025-11-19 20:20:31 - INFO - Output folder reset to default: /Users/cayman/GitHub/ttd/Downloads
2025-11-19 20:20:33 - DEBUG - Settings saved successfully
2025-11-19 20:20:33 - INFO - Output folder reset to default: /Users/cayman/GitHub/ttd/Downloads
2025-11-19 20:20:42 - DEBUG - Settings saved successfully
2025-11-19 20:20:42 - INFO - Output folder changed to: /Users/cayman/Downloads/B
2025-11-19 20:21:05 - INFO - Valid URL detected: https://www.tiktok.com/@tik.ricohard.tok/video/7570711059200314647?is_from_webapp=1&sender_device=pc&web_id=7564968738644182559
2025-11-19 20:21:05 - INFO - Valid URL detected: https://www.tiktok.com/@tik.ricohard.tok/video/7570711059200314647?is_from_webapp=1&sender_device=pc&web_id=7564968738644182559
2025-11-19 20:21:06 - INFO - Starting download with yt-dlp engine
2025-11-19 20:21:06 - INFO - URL: https://www.tiktok.com/@tik.ricohard.tok/video/7570711059200314647?is_from_webapp=1&sender_device=pc&web_id=7564968738644182559
2025-11-19 20:21:06 - INFO - Quality: best
2025-11-19 20:21:06 - INFO - Output: /Users/cayman/Downloads/B
2025-11-19 20:21:12 - INFO - Download completed successfully
2025-11-19 20:21:22 - INFO - Valid URL detected: https://www.tiktok.com/@mikeoffduty/video/7572476595689032991?is_from_webapp=1&sender_device=pc&web_id=7564968738644182559
2025-11-19 20:21:22 - INFO - Valid URL detected: https://www.tiktok.com/@mikeoffduty/video/7572476595689032991?is_from_webapp=1&sender_device=pc&web_id=7564968738644182559
2025-11-19 20:21:23 - INFO - Starting download with yt-dlp engine
2025-11-19 20:21:23 - INFO - URL: https://www.tiktok.com/@mikeoffduty/video/7572476595689032991?is_from_webapp=1&sender_device=pc&web_id=7564968738644182559
2025-11-19 20:21:23 - INFO - Quality: best
2025-11-19 20:21:23 - INFO - Output: /Users/cayman/Downloads/B
2025-11-19 20:21:29 - INFO - Download completed successfully
2025-11-19 20:21:41 - INFO - Valid URL detected: https://www.tiktok.com/@evgenii_chel7/video/7573005221786488066?is_from_webapp=1&sender_device=pc&web_id=7564968738644182559
2025-11-19 20:21:41 - INFO - Valid URL detected: https://www.tiktok.com/@evgenii_chel7/video/7573005221786488066?is_from_webapp=1&sender_device=pc&web_id=7564968738644182559
2025-11-19 20:21:41 - INFO - Starting download with yt-dlp engine
2025-11-19 20:21:41 - INFO - URL: https://www.tiktok.com/@evgenii_chel7/video/7573005221786488066?is_from_webapp=1&sender_device=pc&web_id=7564968738644182559
2025-11-19 20:21:41 - INFO - Quality: best
2025-11-19 20:21:41 - INFO - Output: /Users/cayman/Downloads/B
2025-11-19 20:21:47 - INFO - Download completed successfully
2025-11-19 20:21:57 - INFO - Valid URL detected: https://www.tiktok.com/@juancarlosperez3494/video/7572168261207362823?is_from_webapp=1&sender_device=pc&web_id=7564968738644182559
2025-11-19 20:21:57 - INFO - Valid URL detected: https://www.tiktok.com/@juancarlosperez3494/video/7572168261207362823?is_from_webapp=1&sender_device=pc&web_id=7564968738644182559
2025-11-19 20:21:58 - INFO - Starting download with yt-dlp engine
2025-11-19 20:21:58 - INFO - URL: https://www.tiktok.com/@juancarlosperez3494/video/7572168261207362823?is_from_webapp=1&sender_device=pc&web_id=7564968738644182559
2025-11-19 20:21:58 - INFO - Quality: best
2025-11-19 20:21:58 - INFO - Output: /Users/cayman/Downloads/B
2025-11-19 20:22:00 - ERROR - Download failed: Download failed: [0;31mERROR:[0m [TikTok] 7572168261207362823: This post may not be comfortable for some audiences. Log in for access. Use --cookies-from-browser or --cookies for the authentication. See  https://github.com/yt-dlp/yt-dlp/wiki/FAQ#how-do-i-pass-cookies-to-yt-dlp  for how to manually pass cookies
2025-11-19 20:22:31 - INFO - Valid URL detected: https://www.tiktok.com/@roy_wayne/video/7561625449533558047?is_from_webapp=1&sender_device=pc&web_id=7564968738644182559
2025-11-19 20:22:31 - INFO - Valid URL detected: https://www.tiktok.com/@roy_wayne/video/7561625449533558047?is_from_webapp=1&sender_device=pc&web_id=7564968738644182559
2025-11-19 20:22:32 - INFO - Starting download with yt-dlp engine
2025-11-19 20:22:32 - INFO - URL: https://www.tiktok.com/@roy_wayne/video/7561625449533558047?is_from_webapp=1&sender_device=pc&web_id=7564968738644182559
2025-11-19 20:22:32 - INFO - Quality: best
2025-11-19 20:22:32 - INFO - Output: /Users/cayman/Downloads/B
2025-11-19 20:22:37 - INFO - Download completed successfully
2025-11-19 20:23:14 - INFO - Valid URL detected: https://www.tiktok.com/@punnybadger85/video/7567755124861373726?is_from_webapp=1&sender_device=pc&web_id=7564968738644182559
2025-11-19 20:23:14 - INFO - Valid URL detected: https://www.tiktok.com/@punnybadger85/video/7567755124861373726?is_from_webapp=1&sender_device=pc&web_id=7564968738644182559
2025-11-19 20:23:14 - INFO - Starting download with yt-dlp engine
2025-11-19 20:23:14 - INFO - URL: https://www.tiktok.com/@punnybadger85/video/7567755124861373726?is_from_webapp=1&sender_device=pc&web_id=7564968738644182559
2025-11-19 20:23:14 - INFO - Quality: best
2025-11-19 20:23:14 - INFO - Output: /Users/cayman/Downloads/B
2025-11-19 20:23:16 - ERROR - Download failed: Download failed: [0;31mERROR:[0m [TikTok] 7567755124861373726: This post may not be comfortable for some audiences. Log in for access. Use --cookies-from-browser or --cookies for the authentication. See  https://github.com/yt-dlp/yt-dlp/wiki/FAQ#how-do-i-pass-cookies-to-yt-dlp  for how to manually pass cookies
2025-11-19 20:23:34 - INFO - Valid URL detected: https://www.tiktok.com/@andersonportela43/video/7552947796177849611?is_from_webapp=1&sender_device=pc&web_id=7564968738644182559
2025-11-19 20:23:34 - INFO - Valid URL detected: https://www.tiktok.com/@andersonportela43/video/7552947796177849611?is_from_webapp=1&sender_device=pc&web_id=7564968738644182559
2025-11-19 20:23:36 - INFO - Starting download with yt-dlp engine
2025-11-19 20:23:36 - INFO - URL: https://www.tiktok.com/@andersonportela43/video/7552947796177849611?is_from_webapp=1&sender_device=pc&web_id=7564968738644182559
2025-11-19 20:23:36 - INFO - Quality: best
2025-11-19 20:23:36 - INFO - Output: /Users/cayman/Downloads/B
2025-11-19 20:23:41 - INFO - Download completed successfully
2025-11-19 20:23:59 - INFO - Valid URL detected: https://www.tiktok.com/@roy_wayne/video/7567962173616540958?is_from_webapp=1&sender_device=pc&web_id=7564968738644182559
2025-11-19 20:24:00 - INFO - Valid URL detected: https://www.tiktok.com/@roy_wayne/video/7567962173616540958?is_from_webapp=1&sender_device=pc&web_id=7564968738644182559
2025-11-19 20:24:00 - INFO - Starting download with yt-dlp engine
2025-11-19 20:24:00 - INFO - URL: https://www.tiktok.com/@roy_wayne/video/7567962173616540958?is_from_webapp=1&sender_device=pc&web_id=7564968738644182559
2025-11-19 20:24:00 - INFO - Quality: best
2025-11-19 20:24:00 - INFO - Output: /Users/cayman/Downloads/B
2025-11-19 20:24:05 - INFO - Download completed successfully
2025-11-19 20:24:13 - WARNING - Invalid URL: URL format not recognized
2025-11-19 20:24:13 - WARNING - Invalid URL: URL format not recognized
2025-11-19 20:24:21 - WARNING - Invalid URL: URL format not recognized
2025-11-19 20:24:21 - WARNING - Invalid URL: URL format not recognized
2025-11-19 20:24:26 - WARNING - Invalid URL: URL format not recognized
2025-11-19 20:24:26 - WARNING - Invalid URL: URL format not recognized
2025-11-19 20:24:32 - WARNING - Invalid URL: URL format not recognized
2025-11-19 20:24:33 - WARNING - Invalid URL: URL format not recognized
2025-11-19 20:24:33 - WARNING - Invalid URL: URL format not recognized
2025-11-19 20:24:34 - WARNING - Invalid URL: URL format not recognized
2025-11-19 20:24:34 - WARNING - Invalid URL: URL format not recognized
2025-11-19 20:24:34 - WARNING - Invalid URL: URL format not recognized
2025-11-19 20:24:34 - WARNING - Invalid URL: URL format not recognized
2025-11-19 20:24:34 - WARNING - Invalid URL: URL format not recognized
2025-11-19 20:24:34 - WARNING - Invalid URL: URL format not recognized
2025-11-19 20:24:34 - WARNING - Invalid URL: URL format not recognized
2025-11-19 20:24:34 - WARNING - Invalid URL: URL format not recognized
2025-11-19 20:24:34 - WARNING - Invalid URL: URL format not recognized
2025-11-19 20:24:34 - WARNING - Invalid URL: URL format not recognized
2025-11-19 20:24:35 - WARNING - Invalid URL: URL format not recognized
2025-11-19 20:24:35 - WARNING - Invalid URL: URL format not recognized
2025-11-19 20:24:35 - WARNING - Invalid URL: URL format not recognized
2025-11-19 20:24:36 - WARNING - Invalid URL: URL format not recognized
2025-11-19 20:25:00 - DEBUG - Settings saved successfully
2025-11-19 20:25:00 - INFO - Hikari TikTok Downloader closed
2025-11-19 20:39:34 - INFO - Hikari TikTok Downloader started
2025-11-19 20:39:40 - WARNING - Invalid URL: Invalid URL format
2025-11-19 20:39:40 - WARNING - Invalid URL: Invalid URL format
2025-11-19 20:39:41 - WARNING - Invalid URL: Invalid URL format
2025-11-19 20:39:41 - WARNING - Invalid URL: Invalid URL format
2025-11-19 20:39:59 - INFO - Valid URL detected: https://www.tiktok.com/@beefy_dan/video/7528814590700834078?is_from_webapp=1&sender_device=pc&web_id=7564968738644182559
2025-11-19 20:39:59 - INFO - Valid URL detected: https://www.tiktok.com/@beefy_dan/video/7528814590700834078?is_from_webapp=1&sender_device=pc&web_id=7564968738644182559
2025-11-19 20:40:01 - INFO - Starting download with yt-dlp engine
2025-11-19 20:40:01 - INFO - URL: https://www.tiktok.com/@beefy_dan/video/7528814590700834078?is_from_webapp=1&sender_device=pc&web_id=7564968738644182559
2025-11-19 20:40:01 - INFO - Quality: best
2025-11-19 20:40:01 - INFO - Output: /Users/cayman/Downloads/B
2025-11-19 20:40:01 - ERROR - Download failed: 'NoneType' object has no attribute 'download'
2025-11-19 20:40:01 - ERROR - Download failed: Download failed: 'NoneType' object has no attribute 'download'
2025-11-19 20:40:08 - DEBUG - Settings saved successfully
2025-11-19 20:40:08 - INFO - Hikari TikTok Downloader closed
2025-11-19 20:41:24 - INFO - Hikari TikTok Downloader started
2025-11-19 20:41:30 - INFO - Valid URL detected: https://www.tiktok.com/@beefy_dan/video/7528814590700834078?is_from_webapp=1&sender_device=pc&web_id=7564968738644182559
2025-11-19 20:41:30 - INFO - Valid URL detected: https://www.tiktok.com/@beefy_dan/video/7528814590700834078?is_from_webapp=1&sender_device=pc&web_id=7564968738644182559
2025-11-19 20:41:31 - INFO - Starting download with yt-dlp engine
2025-11-19 20:41:31 - INFO - URL: https://www.tiktok.com/@beefy_dan/video/7528814590700834078?is_from_webapp=1&sender_device=pc&web_id=7564968738644182559
2025-11-19 20:41:31 - INFO - Quality: best
2025-11-19 20:41:31 - INFO - Output: /Users/cayman/Downloads/B
2025-11-19 20:41:36 - INFO - Download completed successfully
2025-11-19 20:41:46 - DEBUG - Settings saved successfully
2025-11-19 20:41:46 - INFO - Hikari TikTok Downloader closed
